{"/home/tiago/projects/cookup/cookup-webservice/src/app.js": {"path":"/home/tiago/projects/cookup/cookup-webservice/src/app.js","statementMap":{"0":{"start":{"line":1,"column":0},"end":{"line":3,"column":2}},"1":{"start":{"line":5,"column":25},"end":{"line":5,"column":49}},"2":{"start":{"line":7,"column":0},"end":{"line":7,"column":19}},"3":{"start":{"line":9,"column":15},"end":{"line":13,"column":2}},"4":{"start":{"line":15,"column":0},"end":{"line":15,"column":23}}},"fnMap":{},"branchMap":{"0":{"loc":{"start":{"line":2,"column":10},"end":{"line":2,"column":63}},"type":"cond-expr","locations":[{"start":{"line":2,"column":43},"end":{"line":2,"column":54}},{"start":{"line":2,"column":57},"end":{"line":2,"column":63}}],"line":2}},"s":{"0":0,"1":0,"2":0,"3":0,"4":0},"f":{},"b":{"0":[0,0]}}
,"/home/tiago/projects/cookup/cookup-webservice/src/server.js": {"path":"/home/tiago/projects/cookup/cookup-webservice/src/server.js","statementMap":{"0":{"start":{"line":1,"column":15},"end":{"line":1,"column":31}},"1":{"start":{"line":4,"column":0},"end":{"line":4,"column":39}}},"fnMap":{},"branchMap":{},"s":{"0":0,"1":0},"f":{},"b":{}}
,"/home/tiago/projects/cookup/cookup-webservice/src/config/database.js": {"path":"/home/tiago/projects/cookup/cookup-webservice/src/config/database.js","statementMap":{"0":{"start":{"line":1,"column":0},"end":{"line":3,"column":2}},"1":{"start":{"line":5,"column":0},"end":{"line":18,"column":1}}},"fnMap":{},"branchMap":{"0":{"loc":{"start":{"line":2,"column":8},"end":{"line":2,"column":62}},"type":"cond-expr","locations":[{"start":{"line":2,"column":42},"end":{"line":2,"column":53}},{"start":{"line":2,"column":56},"end":{"line":2,"column":62}}],"line":2}},"s":{"0":4,"1":4},"f":{},"b":{"0":[4,0]},"_coverageSchema":"1a1c01bbd47fc00a2c39e90264f33305004495a9","hash":"c33dead0185c25d169d1e0fc72a3d7b124fe7325"}
,"/home/tiago/projects/cookup/cookup-webservice/src/database/migrations/20200515172731-create-users.js": {"path":"/home/tiago/projects/cookup/cookup-webservice/src/database/migrations/20200515172731-create-users.js","statementMap":{"0":{"start":{"line":3,"column":0},"end":{"line":46,"column":2}},"1":{"start":{"line":6,"column":4},"end":{"line":37,"column":7}},"2":{"start":{"line":43,"column":4},"end":{"line":43,"column":45}}},"fnMap":{"0":{"name":"(anonymous_0)","decl":{"start":{"line":4,"column":6},"end":{"line":4,"column":7}},"loc":{"start":{"line":4,"column":37},"end":{"line":39,"column":3}},"line":4},"1":{"name":"(anonymous_1)","decl":{"start":{"line":41,"column":8},"end":{"line":41,"column":9}},"loc":{"start":{"line":41,"column":39},"end":{"line":45,"column":3}},"line":41}},"branchMap":{},"s":{"0":0,"1":0,"2":0},"f":{"0":0,"1":0},"b":{}}
,"/home/tiago/projects/cookup/cookup-webservice/src/models/User.js": {"path":"/home/tiago/projects/cookup/cookup-webservice/src/models/User.js","statementMap":{"0":{"start":{"line":2,"column":0},"end":{"line":22,"column":1}},"1":{"start":{"line":4,"column":17},"end":{"line":18,"column":5}},"2":{"start":{"line":12,"column":20},"end":{"line":14,"column":21}},"3":{"start":{"line":13,"column":24},"end":{"line":13,"column":75}},"4":{"start":{"line":20,"column":4},"end":{"line":20,"column":15}}},"fnMap":{"0":{"name":"(anonymous_0)","decl":{"start":{"line":2,"column":17},"end":{"line":2,"column":18}},"loc":{"start":{"line":2,"column":43},"end":{"line":22,"column":1}},"line":2},"1":{"name":"(anonymous_1)","decl":{"start":{"line":11,"column":28},"end":{"line":11,"column":29}},"loc":{"start":{"line":11,"column":42},"end":{"line":15,"column":17}},"line":11}},"branchMap":{"0":{"loc":{"start":{"line":12,"column":20},"end":{"line":14,"column":21}},"type":"if","locations":[{"start":{"line":12,"column":20},"end":{"line":14,"column":21}},{"start":{"line":12,"column":20},"end":{"line":14,"column":21}}],"line":12}},"s":{"0":4,"1":4,"2":8,"3":8,"4":4},"f":{"0":4,"1":8},"b":{"0":[8,0]},"_coverageSchema":"1a1c01bbd47fc00a2c39e90264f33305004495a9","hash":"0f1485b8dec6f716c0c4af8f44aa9198dfd0bc67"}
,"/home/tiago/projects/cookup/cookup-webservice/src/models/index.js": {"path":"/home/tiago/projects/cookup/cookup-webservice/src/models/index.js","statementMap":{"0":{"start":{"line":3,"column":11},"end":{"line":3,"column":24}},"1":{"start":{"line":4,"column":13},"end":{"line":4,"column":28}},"2":{"start":{"line":5,"column":18},"end":{"line":5,"column":38}},"3":{"start":{"line":6,"column":17},"end":{"line":6,"column":42}},"4":{"start":{"line":7,"column":15},"end":{"line":7,"column":47}},"5":{"start":{"line":8,"column":11},"end":{"line":8,"column":13}},"6":{"start":{"line":11,"column":18},"end":{"line":11,"column":39}},"7":{"start":{"line":14,"column":0},"end":{"line":22,"column":5}},"8":{"start":{"line":17,"column":4},"end":{"line":17,"column":90}},"9":{"start":{"line":20,"column":18},"end":{"line":20,"column":65}},"10":{"start":{"line":21,"column":4},"end":{"line":21,"column":27}},"11":{"start":{"line":24,"column":0},"end":{"line":28,"column":3}},"12":{"start":{"line":25,"column":2},"end":{"line":27,"column":3}},"13":{"start":{"line":26,"column":4},"end":{"line":26,"column":32}},"14":{"start":{"line":30,"column":0},"end":{"line":30,"column":25}},"15":{"start":{"line":31,"column":0},"end":{"line":31,"column":25}},"16":{"start":{"line":33,"column":0},"end":{"line":33,"column":20}}},"fnMap":{"0":{"name":"(anonymous_0)","decl":{"start":{"line":16,"column":10},"end":{"line":16,"column":11}},"loc":{"start":{"line":16,"column":18},"end":{"line":18,"column":3}},"line":16},"1":{"name":"(anonymous_1)","decl":{"start":{"line":19,"column":11},"end":{"line":19,"column":12}},"loc":{"start":{"line":19,"column":19},"end":{"line":22,"column":3}},"line":19},"2":{"name":"(anonymous_2)","decl":{"start":{"line":24,"column":24},"end":{"line":24,"column":25}},"loc":{"start":{"line":24,"column":37},"end":{"line":28,"column":1}},"line":24}},"branchMap":{"0":{"loc":{"start":{"line":17,"column":11},"end":{"line":17,"column":89}},"type":"binary-expr","locations":[{"start":{"line":17,"column":12},"end":{"line":17,"column":35}},{"start":{"line":17,"column":41},"end":{"line":17,"column":58}},{"start":{"line":17,"column":64},"end":{"line":17,"column":88}}],"line":17},"1":{"loc":{"start":{"line":25,"column":2},"end":{"line":27,"column":3}},"type":"if","locations":[{"start":{"line":25,"column":2},"end":{"line":27,"column":3}},{"start":{"line":25,"column":2},"end":{"line":27,"column":3}}],"line":25}},"s":{"0":4,"1":4,"2":4,"3":4,"4":4,"5":4,"6":4,"7":4,"8":8,"9":4,"10":4,"11":4,"12":4,"13":0,"14":4,"15":4,"16":4},"f":{"0":8,"1":4,"2":4},"b":{"0":[8,8,4],"1":[0,4]},"_coverageSchema":"1a1c01bbd47fc00a2c39e90264f33305004495a9","hash":"7df21e64f6cc1e779e507d632a3bb6c672ad8bee"}
,"/home/tiago/projects/cookup/cookup-webservice/src/modules/session/SessionResolver.js": {"path":"/home/tiago/projects/cookup/cookup-webservice/src/modules/session/SessionResolver.js","statementMap":{},"fnMap":{},"branchMap":{},"s":{},"f":{},"b":{}}
,"/home/tiago/projects/cookup/cookup-webservice/src/modules/session/SessionSchema.js": {"path":"/home/tiago/projects/cookup/cookup-webservice/src/modules/session/SessionSchema.js","statementMap":{"0":{"start":{"line":1,"column":16},"end":{"line":1,"column":40}},"1":{"start":{"line":3,"column":0},"end":{"line":19,"column":1}}},"fnMap":{},"branchMap":{},"s":{"0":0,"1":0},"f":{},"b":{}}
,"/home/tiago/projects/cookup/cookup-webservice/src/modules/session/index.js": {"path":"/home/tiago/projects/cookup/cookup-webservice/src/modules/session/index.js","statementMap":{},"fnMap":{},"branchMap":{},"s":{},"f":{},"b":{}}
,"/home/tiago/projects/cookup/cookup-webservice/src/modules/user/UserResolvers.js": {"path":"/home/tiago/projects/cookup/cookup-webservice/src/modules/user/UserResolvers.js","statementMap":{"0":{"start":{"line":1,"column":23},"end":{"line":1,"column":67}},"1":{"start":{"line":4,"column":18},"end":{"line":35,"column":1}},"2":{"start":{"line":8,"column":12},"end":{"line":8,"column":41}},"3":{"start":{"line":12,"column":12},"end":{"line":12,"column":42}},"4":{"start":{"line":18,"column":12},"end":{"line":18,"column":45}},"5":{"start":{"line":23,"column":12},"end":{"line":23,"column":50}},"6":{"start":{"line":29,"column":12},"end":{"line":29,"column":45}},"7":{"start":{"line":37,"column":0},"end":{"line":37,"column":27}}},"fnMap":{"0":{"name":"(anonymous_0)","decl":{"start":{"line":7,"column":8},"end":{"line":7,"column":9}},"loc":{"start":{"line":7,"column":16},"end":{"line":9,"column":9}},"line":7},"1":{"name":"(anonymous_1)","decl":{"start":{"line":11,"column":8},"end":{"line":11,"column":9}},"loc":{"start":{"line":11,"column":24},"end":{"line":13,"column":9}},"line":11},"2":{"name":"(anonymous_2)","decl":{"start":{"line":17,"column":8},"end":{"line":17,"column":9}},"loc":{"start":{"line":17,"column":28},"end":{"line":19,"column":9}},"line":17},"3":{"name":"(anonymous_3)","decl":{"start":{"line":21,"column":8},"end":{"line":21,"column":9}},"loc":{"start":{"line":21,"column":36},"end":{"line":25,"column":9}},"line":21},"4":{"name":"(anonymous_4)","decl":{"start":{"line":27,"column":8},"end":{"line":27,"column":9}},"loc":{"start":{"line":27,"column":31},"end":{"line":31,"column":9}},"line":27}},"branchMap":{},"s":{"0":0,"1":0,"2":0,"3":0,"4":0,"5":0,"6":0,"7":0},"f":{"0":0,"1":0,"2":0,"3":0,"4":0},"b":{}}
,"/home/tiago/projects/cookup/cookup-webservice/src/modules/user/UserSchema.js": {"path":"/home/tiago/projects/cookup/cookup-webservice/src/modules/user/UserSchema.js","statementMap":{"0":{"start":{"line":1,"column":16},"end":{"line":1,"column":40}},"1":{"start":{"line":3,"column":0},"end":{"line":47,"column":2}}},"fnMap":{},"branchMap":{},"s":{"0":0,"1":0},"f":{},"b":{}}
,"/home/tiago/projects/cookup/cookup-webservice/src/modules/user/index.js": {"path":"/home/tiago/projects/cookup/cookup-webservice/src/modules/user/index.js","statementMap":{"0":{"start":{"line":2,"column":0},"end":{"line":7,"column":1}}},"fnMap":{},"branchMap":{},"s":{"0":0},"f":{},"b":{}}
,"/home/tiago/projects/cookup/cookup-webservice/src/repositories/SessionRepository.js": {"path":"/home/tiago/projects/cookup/cookup-webservice/src/repositories/SessionRepository.js","statementMap":{"0":{"start":{"line":1,"column":17},"end":{"line":1,"column":37}},"1":{"start":{"line":2,"column":12},"end":{"line":2,"column":35}},"2":{"start":{"line":3,"column":15},"end":{"line":3,"column":34}},"3":{"start":{"line":8,"column":8},"end":{"line":23,"column":9}},"4":{"start":{"line":9,"column":25},"end":{"line":9,"column":65}},"5":{"start":{"line":11,"column":12},"end":{"line":13,"column":13}},"6":{"start":{"line":12,"column":16},"end":{"line":12,"column":26}},"7":{"start":{"line":14,"column":12},"end":{"line":17,"column":13}},"8":{"start":{"line":16,"column":16},"end":{"line":16,"column":26}},"9":{"start":{"line":19,"column":12},"end":{"line":19,"column":76}},"10":{"start":{"line":22,"column":12},"end":{"line":22,"column":30}},"11":{"start":{"line":28,"column":8},"end":{"line":28,"column":66}},"12":{"start":{"line":34,"column":8},"end":{"line":34,"column":54}},"13":{"start":{"line":40,"column":0},"end":{"line":40,"column":40}}},"fnMap":{"0":{"name":"(anonymous_0)","decl":{"start":{"line":6,"column":4},"end":{"line":6,"column":5}},"loc":{"start":{"line":6,"column":38},"end":{"line":24,"column":5}},"line":6},"1":{"name":"(anonymous_1)","decl":{"start":{"line":26,"column":4},"end":{"line":26,"column":5}},"loc":{"start":{"line":26,"column":30},"end":{"line":30,"column":5}},"line":26},"2":{"name":"(anonymous_2)","decl":{"start":{"line":32,"column":4},"end":{"line":32,"column":5}},"loc":{"start":{"line":32,"column":49},"end":{"line":36,"column":5}},"line":32}},"branchMap":{"0":{"loc":{"start":{"line":11,"column":12},"end":{"line":13,"column":13}},"type":"if","locations":[{"start":{"line":11,"column":12},"end":{"line":13,"column":13}},{"start":{"line":11,"column":12},"end":{"line":13,"column":13}}],"line":11},"1":{"loc":{"start":{"line":14,"column":12},"end":{"line":17,"column":13}},"type":"if","locations":[{"start":{"line":14,"column":12},"end":{"line":17,"column":13}},{"start":{"line":14,"column":12},"end":{"line":17,"column":13}}],"line":14}},"s":{"0":1,"1":1,"2":1,"3":0,"4":0,"5":0,"6":0,"7":0,"8":0,"9":0,"10":0,"11":0,"12":0,"13":1},"f":{"0":0,"1":0,"2":0},"b":{"0":[0,0],"1":[0,0]},"_coverageSchema":"1a1c01bbd47fc00a2c39e90264f33305004495a9","hash":"6aa91607cabfe8e400b338a02f595cab5b8df575"}
,"/home/tiago/projects/cookup/cookup-webservice/src/repositories/UserRepository.js": {"path":"/home/tiago/projects/cookup/cookup-webservice/src/repositories/UserRepository.js","statementMap":{"0":{"start":{"line":1,"column":17},"end":{"line":1,"column":37}},"1":{"start":{"line":5,"column":8},"end":{"line":13,"column":9}},"2":{"start":{"line":7,"column":26},"end":{"line":7,"column":46}},"3":{"start":{"line":9,"column":12},"end":{"line":9,"column":24}},"4":{"start":{"line":12,"column":12},"end":{"line":12,"column":30}},"5":{"start":{"line":18,"column":8},"end":{"line":27,"column":9}},"6":{"start":{"line":20,"column":46},"end":{"line":20,"column":58}},"7":{"start":{"line":22,"column":12},"end":{"line":22,"column":63}},"8":{"start":{"line":26,"column":12},"end":{"line":26,"column":30}},"9":{"start":{"line":33,"column":8},"end":{"line":39,"column":9}},"10":{"start":{"line":35,"column":12},"end":{"line":35,"column":42}},"11":{"start":{"line":38,"column":12},"end":{"line":38,"column":30}},"12":{"start":{"line":44,"column":8},"end":{"line":54,"column":9}},"13":{"start":{"line":46,"column":25},"end":{"line":46,"column":44}},"14":{"start":{"line":47,"column":12},"end":{"line":47,"column":28}},"15":{"start":{"line":48,"column":12},"end":{"line":48,"column":30}},"16":{"start":{"line":49,"column":12},"end":{"line":49,"column":29}},"17":{"start":{"line":50,"column":12},"end":{"line":50,"column":23}},"18":{"start":{"line":53,"column":12},"end":{"line":53,"column":30}},"19":{"start":{"line":60,"column":8},"end":{"line":70,"column":9}},"20":{"start":{"line":62,"column":12},"end":{"line":66,"column":14}},"21":{"start":{"line":69,"column":12},"end":{"line":69,"column":30}},"22":{"start":{"line":76,"column":0},"end":{"line":76,"column":37}}},"fnMap":{"0":{"name":"(anonymous_0)","decl":{"start":{"line":4,"column":4},"end":{"line":4,"column":5}},"loc":{"start":{"line":4,"column":18},"end":{"line":14,"column":5}},"line":4},"1":{"name":"(anonymous_1)","decl":{"start":{"line":16,"column":4},"end":{"line":16,"column":5}},"loc":{"start":{"line":16,"column":25},"end":{"line":29,"column":5}},"line":16},"2":{"name":"(anonymous_2)","decl":{"start":{"line":31,"column":4},"end":{"line":31,"column":5}},"loc":{"start":{"line":31,"column":19},"end":{"line":40,"column":5}},"line":31},"3":{"name":"(anonymous_3)","decl":{"start":{"line":42,"column":4},"end":{"line":42,"column":5}},"loc":{"start":{"line":42,"column":38},"end":{"line":56,"column":5}},"line":42},"4":{"name":"(anonymous_4)","decl":{"start":{"line":58,"column":4},"end":{"line":58,"column":5}},"loc":{"start":{"line":58,"column":22},"end":{"line":72,"column":5}},"line":58}},"branchMap":{},"s":{"0":3,"1":0,"2":0,"3":0,"4":0,"5":1,"6":1,"7":1,"8":1,"9":0,"10":0,"11":0,"12":0,"13":0,"14":0,"15":0,"16":0,"17":0,"18":0,"19":0,"20":0,"21":0,"22":3},"f":{"0":0,"1":1,"2":0,"3":0,"4":0},"b":{},"_coverageSchema":"1a1c01bbd47fc00a2c39e90264f33305004495a9","hash":"1627bfc9dea4f55fbe69958fc76e76abc8bd3c09"}
}
